<?xml version="1.0" encoding="UTF-8"?>
<testng-results ignored="0" total="1" passed="1" failed="0" skipped="0">
  <reporter-output>
  </reporter-output>
  <suite started-at="2024-01-23T12:51:13 IST" name="Default suite" finished-at="2024-01-23T12:51:14 IST" duration-ms="110">
    <groups>
    </groups>
    <test started-at="2024-01-23T12:51:13 IST" name="Default test" finished-at="2024-01-23T12:51:14 IST" duration-ms="110">
      <class name="Appium.Calculator">
        <test-method signature="Demo()[pri:0, instance:Appium.Calculator@909217e]" started-at="2024-01-23T12:51:14 IST" name="Demo" finished-at="2024-01-23T12:51:14 IST" duration-ms="15" status="PASS">
          <reporter-output>
          </reporter-output>
        </test-method> <!-- Demo -->
      </class> <!-- Appium.Calculator -->
    </test> <!-- Default test -->
  </suite> <!-- Default suite -->
</testng-results>
